2025-02-15 00:13:24 - Daemon process started successfully.
2025-02-15 00:13:24 - Security daemon started.
2025-02-15 00:13:24 - System snapshot taken.
2025-02-15 00:13:54 - System snapshot taken.
2025-02-15 00:13:54 - Changes detected in autostart services.
2025-02-15 00:14:24 - System snapshot taken.
2025-02-15 00:14:55 - System snapshot taken.
2025-02-15 00:15:25 - System snapshot taken.
2025-02-15 00:15:55 - System snapshot taken.
2025-02-15 00:16:25 - System snapshot taken.
2025-02-15 00:16:55 - System snapshot taken.
2025-02-15 00:17:26 - System snapshot taken.
2025-02-15 00:17:56 - System snapshot taken.
2025-02-15 00:18:26 - System snapshot taken.
2025-02-15 00:18:56 - System snapshot taken.
2025-02-15 00:19:26 - System snapshot taken.
2025-02-15 00:19:57 - System snapshot taken.
2025-02-15 00:20:27 - System snapshot taken.
2025-02-15 00:20:39 - Daemon process started successfully.
2025-02-15 00:20:39 - Security daemon started.
2025-02-15 00:20:39 - System snapshot taken.
2025-02-15 00:20:39 - Changes detected in autostart services.
2025-02-15 00:21:09 - System snapshot taken.
2025-02-15 00:21:09 - Changes detected in open ports.
2025-02-15 00:21:09 - Changes detected in autostart services.
2025-02-15 00:21:39 - System snapshot taken.
2025-02-15 00:22:09 - System snapshot taken.
2025-02-15 00:22:40 - System snapshot taken.
2025-02-15 00:23:38 - Daemon process started successfully.
2025-02-15 00:23:38 - Security daemon started.
2025-02-15 00:23:38 - System snapshot taken.
2025-02-15 00:23:38 - Changes detected in open ports.
2025-02-15 00:23:38 - Changes detected in autostart services.
2025-02-15 00:24:08 - System snapshot taken.
2025-02-15 00:24:08 - Changes detected in open ports.
2025-02-15 00:24:08 - Changes detected in autostart services.
2025-02-15 00:24:39 - System snapshot taken.
2025-02-15 00:24:48 - Daemon process started successfully.
2025-02-15 00:24:48 - Security daemon started.
2025-02-15 00:24:48 - System snapshot taken.
2025-02-15 00:24:48 - Changes detected in open ports.
2025-02-15 00:33:04 - Daemon process started successfully.
2025-02-15 00:33:04 - Security daemon started.
2025-02-15 00:33:04 - System snapshot taken.
2025-02-15 00:33:34 - System snapshot taken.
2025-02-15 00:33:34 - Changes detected in open ports.
2025-02-15 00:34:04 - System snapshot taken.
2025-02-15 00:45:07 - Daemon process started successfully.
2025-02-15 00:45:07 - Security daemon started.
2025-02-15 00:45:07 - System snapshot taken.
2025-02-15 00:45:07 - Changes detected in open ports.
2025-02-15 00:45:37 - System snapshot taken.
2025-02-15 00:45:37 - Changes detected in open ports.
2025-02-15 00:46:08 - System snapshot taken.
2025-02-15 00:46:38 - System snapshot taken.
2025-02-15 00:47:08 - System snapshot taken.
2025-02-15 00:47:38 - System snapshot taken.
2025-02-15 00:48:08 - System snapshot taken.
2025-02-15 00:48:38 - System snapshot taken.
2025-02-15 00:49:09 - System snapshot taken.
2025-02-15 00:49:39 - System snapshot taken.
2025-02-15 00:50:09 - System snapshot taken.
2025-02-15 00:50:39 - System snapshot taken.
2025-02-15 00:51:09 - System snapshot taken.
2025-02-15 00:51:40 - System snapshot taken.
2025-02-15 00:52:10 - System snapshot taken.
2025-02-15 00:52:40 - System snapshot taken.
2025-02-15 00:53:10 - System snapshot taken.
2025-02-15 00:55:48 - Daemon process started successfully.
2025-02-15 00:55:48 - Security daemon started.
2025-02-15 00:55:48 - System snapshot taken.
2025-02-15 00:55:48 - Changes detected in open ports.
2025-02-15 00:56:19 - System snapshot taken.
2025-02-15 00:56:19 - Changes detected in open ports.
2025-02-15 00:56:49 - System snapshot taken.
2025-02-15 00:59:00 - Daemon process started successfully.
2025-02-15 00:59:00 - Security daemon started.
2025-02-15 00:59:00 - System snapshot taken.
2025-02-15 00:59:00 - Changes detected in open ports.
2025-02-15 00:59:30 - System snapshot taken.
2025-02-15 00:59:30 - Changes detected in open ports.
2025-02-15 01:00:01 - System snapshot taken.
2025-02-15 01:00:31 - System snapshot taken.
2025-02-15 01:01:01 - System snapshot taken.
2025-02-15 01:05:30 - Daemon process started successfully.
2025-02-15 01:05:30 - Security daemon started.
2025-02-15 01:05:30 - System snapshot taken.
2025-02-15 01:05:30 - Changes detected in open ports.
2025-02-15 01:06:01 - System snapshot taken.
2025-02-15 01:06:01 - Changes detected in open ports.
2025-02-15 01:06:31 - System snapshot taken.
2025-02-15 01:07:01 - System snapshot taken.
2025-02-15 01:07:31 - System snapshot taken.
2025-02-15 01:07:31 - Changes detected in open ports.
2025-02-15 01:08:01 - System snapshot taken.
2025-02-15 01:08:32 - System snapshot taken.
2025-02-15 01:09:02 - System snapshot taken.
2025-02-15 01:09:32 - System snapshot taken.
2025-02-15 01:10:02 - System snapshot taken.
2025-02-15 01:10:32 - System snapshot taken.
2025-02-15 01:11:03 - System snapshot taken.
2025-02-15 01:11:33 - System snapshot taken.
2025-02-15 01:12:03 - System snapshot taken.
2025-02-15 01:12:33 - System snapshot taken.
2025-02-15 01:13:03 - System snapshot taken.
2025-02-15 01:13:33 - System snapshot taken.
2025-02-15 01:14:04 - System snapshot taken.
2025-02-15 01:14:34 - System snapshot taken.
2025-02-15 01:15:04 - System snapshot taken.
2025-02-15 01:15:34 - System snapshot taken.
2025-02-15 01:16:04 - System snapshot taken.
2025-02-15 01:16:35 - System snapshot taken.
2025-02-15 01:17:05 - System snapshot taken.
2025-02-15 01:17:35 - System snapshot taken.
2025-02-15 01:18:05 - System snapshot taken.
2025-02-15 01:18:35 - System snapshot taken.
2025-02-15 01:19:06 - System snapshot taken.
2025-02-15 01:19:36 - System snapshot taken.
2025-02-15 01:20:31 - Daemon process started successfully.
2025-02-15 01:20:31 - Security daemon started.
2025-02-15 01:20:31 - System snapshot taken.
2025-02-15 01:20:31 - Changes detected in open ports.
2025-02-15 01:21:01 - System snapshot taken.
2025-02-15 01:21:01 - Changes detected in open ports.
2025-02-15 01:21:31 - System snapshot taken.
